
============================================================
Exp1 Baselines - AMP8
============================================================
  [10/215] Naive=60.0% A=70.0% B=60.0% C=40.0% D=30.0% | 2.2min ETA~45min
  [20/215] Naive=50.0% A=50.0% B=50.0% C=30.0% D=30.0% | 4.2min ETA~41min
  [30/215] Naive=43.3% A=46.7% B=46.7% C=30.0% D=36.7% | 6.0min ETA~37min
  [40/215] Naive=40.0% A=40.0% B=42.5% C=25.0% D=32.5% | 7.8min ETA~34min
  [50/215] Naive=36.0% A=36.0% B=38.0% C=26.0% D=30.0% | 9.4min ETA~31min
  [60/215] Naive=35.0% A=35.0% B=38.3% C=26.7% D=28.3% | 11.3min ETA~29min
  [70/215] Naive=31.4% A=31.4% B=34.3% C=30.0% D=27.1% | 13.0min ETA~27min
  [80/215] Naive=30.0% A=32.5% B=32.5% C=31.2% D=27.5% | 14.8min ETA~25min
  [90/215] Naive=28.9% A=31.1% B=31.1% C=30.0% D=27.8% | 16.9min ETA~23min
  [100/215] Naive=26.0% A=29.0% B=28.0% C=27.0% D=27.0% | 19.0min ETA~22min
  [110/215] Naive=27.3% A=30.0% B=29.1% C=28.2% D=27.3% | 21.0min ETA~20min
  [120/215] Naive=25.8% A=29.2% B=27.5% C=29.2% D=25.8% | 22.7min ETA~18min
  [130/215] Naive=29.2% A=32.3% B=30.8% C=31.5% D=27.7% | 25.0min ETA~16min
  [140/215] Naive=28.6% A=31.4% B=30.0% C=30.7% D=28.6% | 26.9min ETA~14min
  [150/215] Naive=28.7% A=31.3% B=30.0% C=29.3% D=29.3% | 28.6min ETA~12min
  [160/215] Naive=27.5% A=30.0% B=28.7% C=27.5% D=29.4% | 30.6min ETA~11min
  [170/215] Naive=28.2% A=30.6% B=29.4% C=27.6% D=29.4% | 32.3min ETA~9min
  [180/215] Naive=28.9% A=31.1% B=30.6% C=28.9% D=28.3% | 34.1min ETA~7min
  [190/215] Naive=30.5% A=32.6% B=32.1% C=28.9% D=29.5% | 36.2min ETA~5min
  [200/215] Naive=30.5% A=33.0% B=32.0% C=29.5% D=30.5% | 37.9min ETA~3min
  [210/215] Naive=29.5% A=32.9% B=31.0% C=29.0% D=30.5% | 40.0min ETA~1min
  [215/215] Naive=29.8% A=33.0% B=31.2% C=28.8% D=30.7% | 40.9min ETA~0min

============================================================
FINAL EXP1 BASELINES - AMP8 (N=215)
============================================================
  Naive (all docs):         29.8%
  A) Prompt-only:           33.0%  (Δ=+3.3pp)
  B) Jaccard>=0.95 dedup:   31.2%  (Δ=+1.4pp, avg_kept=13.9)
  C) Top-3 only:            28.8%  (Δ=-0.9pp)
  D) Random-6:              30.7%  (Δ=+0.9pp, avg_kept=6.0)
  [Reference] Layered:      Δ=+13.0pp (amp8) / -4.2pp (clean)
