
==================================================
Condition: clean | Samples: 215
==================================================
  [20/215] EM=65.0% | Wrong=20.0% | ETA=4.1min
  [40/215] EM=67.5% | Wrong=22.5% | ETA=3.7min
  [60/215] EM=71.7% | Wrong=16.7% | ETA=3.2min

=== New Naive RAG run ===

==================================================
Condition: clean | Samples: 215 | Completed: 215
==================================================
FINAL clean: EM=67.4% | Wrong=17.2% | N=215

==================================================
Condition: amp_8 | Samples: 215 | Completed: 0
==================================================
  [80/215] EM=68.8% | Wrong=20.0% | ETA=2.9min
  [20/215] EM=35.0% | Wrong=55.0% | ETA=4.7min
  [100/215] EM=69.0% | Wrong=20.0% | ETA=2.5min
  [40/215] EM=32.5% | Wrong=62.5% | ETA=4.1min
  [120/215] EM=70.0% | Wrong=18.3% | ETA=2.1min
  [60/215] EM=30.0% | Wrong=58.3% | ETA=3.5min
  [140/215] EM=67.1% | Wrong=20.7% | ETA=1.6min

=== New Naive RAG run ===

==================================================
Condition: clean | Samples: 215 | Completed: 215
==================================================
FINAL clean: EM=67.9% | Wrong=18.1% | N=215

==================================================
Condition: amp_8 | Samples: 215 | Completed: 77
==================================================
  [160/215] EM=66.2% | Wrong=19.4% | ETA=1.2min
  [80/215] EM=26.2% | Wrong=62.5% | ETA=3.1min
  [80/215] EM=26.2% | Wrong=63.7% | ETA=3.8min
  [180/215] EM=65.6% | Wrong=18.3% | ETA=0.8min
  [100/215] EM=23.0% | Wrong=83.0% | ETA=2.7min
  [100/215] EM=23.0% | Wrong=83.0% | ETA=2.6min
  [200/215] EM=67.0% | Wrong=17.5% | ETA=0.3min
  [120/215] EM=29.2% | Wrong=90.8% | ETA=2.2min

  FINAL: EM=67.9% | Wrong Answer Rate=17.2%
  Time: 4.7min | Saved: d:\pythonProject\results_naive_rag_clean.jsonl

==================================================
Condition: amp_8 | Samples: 215
==================================================
  [140/215] EM=29.3% | Wrong=86.4% | ETA=1.7min
  [20/215] EM=35.0% | Wrong=55.0% | ETA=4.3min
