=== Module 2 (V4) Source-Isolated Arbitration ===
Dataset: dataset_clean.jsonl (215 samples)
Output: D:\pythonProject\module2\results\results_v4_dataset_clean.jsonl

  [0] naive=Mahesh Bhatt(✓) | m2=Mahesh Bhatt(✓) | type=consensus | clusters=7 | cpr_src=1.00
  [1] naive=1970(✗) | m2=The Cathedral of Saint Augusti(✓) | type=conflict_arbitrated | clusters=3 | cpr_src=0.50
  [2] naive=I don't know.(✗) | m2=February 8, 1900(✓) | type=consensus | clusters=1 | cpr_src=1.00
  [3] naive=4,411(✓) | m2=The population of Pilzno is 4,(✓) | type=conflict_arbitrated | clusters=3 | cpr_src=0.50
  [4] naive=Blitzen Trapper(✓) | m2=The artist of the album "VII" (✓) | type=conflict_arbitrated | clusters=7 | cpr_src=0.75
  [5] naive=Carpenters(✓) | m2=The artist of the album "A Kin(✓) | type=conflict_arbitrated | clusters=4 | cpr_src=0.67
  [6] naive=Needtobreathe(✓) | m2=Needtobreathe(✓) | type=consensus | clusters=3 | cpr_src=1.00
  [7] naive=Football(✓) | m2=Doak is associated with footba(✓) | type=conflict_arbitrated | clusters=6 | cpr_src=0.50
  [8] naive=Academy(✓) | m2=Fontbonne is a university.(✗) | type=conflict_arbitrated | clusters=4 | cpr_src=0.50
  [9] naive=New Orleans, Louisiana(✗) | m2=New Orleans, Louisiana(✗) | type=consensus | clusters=2 | cpr_src=0.00

--- Progress: 10/215 ---
  Naive ACC: 70.0%
  M2 ACC:    80.0% (Δ=+10.0pp)
  CPR-src:   64.2%
  Decisions: consensus=4, conflict=6, other=0

  [10] naive=Novel(✓) | m2=novel(✓) | type=consensus | clusters=4 | cpr_src=1.00
  [11] naive=Assamese(✓) | m2=The language of the television(✗) | type=conflict_arbitrated | clusters=4 | cpr_src=0.67
  [12] naive=Documentary(✗) | m2=documentary(✗) | type=consensus | clusters=1 | cpr_src=0.00
  [13] naive=Frank Oz(✓) | m2=The director of the film "Deat(✓) | type=conflict_arbitrated | clusters=4 | cpr_src=0.50
  [14] naive=10,000 or 50,000(✗) | m2=The population of Madi Municip(✗) | type=conflict_arbitrated | clusters=3 | cpr_src=0.00
  [15] naive=428(✓) | m2=428(✓) | type=consensus | clusters=3 | cpr_src=1.00
  [16] naive=Miami, Florida(✓) | m2=Airways International was base(✓) | type=conflict_arbitrated | clusters=3 | cpr_src=0.50
  [17] naive=January 1, 1900(✗) | m2=June 19, 1910(✓) | type=consensus | clusters=3 | cpr_src=1.00
  [18] naive=1,234(✗) | m2=The population of Sandusky Tow(✗) | type=conflict_arbitrated | clusters=4 | cpr_src=0.50
  [19] naive=Sumo wrestling(✗) | m2=Hiroyuki Miura is associated w(✗) | type=conflict_arbitrated | clusters=3 | cpr_src=0.33

--- Progress: 20/215 ---
  Naive ACC: 60.0%
  M2 ACC:    65.0% (Δ=+5.0pp)
  CPR-src:   59.6%
  Decisions: consensus=8, conflict=12, other=0

  [20] naive=About 1835(✓) | m2=The Bonner House was built abo(✓) | type=conflict_arbitrated | clusters=2 | cpr_src=0.50
  [21] naive=Football(✓) | m2=Vestri is associated with foot(✓) | type=conflict_arbitrated | clusters=5 | cpr_src=0.25
  [22] naive=Aguadilla, Puerto Rico(✓) | m2=Aguadilla, Puerto Rico(✓) | type=consensus | clusters=1 | cpr_src=1.00
  [23] naive=Best Coast(✓) | m2=Best Coast(✓) | type=consensus | clusters=3 | cpr_src=1.00
  [24] naive=Abstract expressionist paintin(✗) | m2=The primary medium associated (✗) | type=conflict_arbitrated | clusters=6 | cpr_src=0.25
  [25] naive=Bursaspor and Gençlerbirliği(✗) | m2=Gençlerbirliği(✓) | type=conflict_arbitrated | clusters=3 | cpr_src=0.50
  [26] naive=Ice hockey(✓) | m2=ice hockey(✓) | type=consensus | clusters=3 | cpr_src=1.00
  [27] naive=2,500 people(✗) | m2=The population of Kensett is 1(✓) | type=conflict_arbitrated | clusters=3 | cpr_src=0.50
  [28] naive=Forward(✗) | m2=Forward(✗) | type=consensus | clusters=2 | cpr_src=0.00
  [29] naive=Republican(✓) | m2=Republican(✓) | type=consensus | clusters=7 | cpr_src=1.00

--- Progress: 30/215 ---
  Naive ACC: 60.0%
  M2 ACC:    70.0% (Δ=+10.0pp)
  CPR-src:   59.7%
  Decisions: consensus=13, conflict=17, other=0

  [30] naive=January 1, 2018(✗) | m2=The Freaky Friday musical bega(✓) | type=conflict_arbitrated | clusters=4 | cpr_src=0.50
  [31] naive=I don't know.(✗) | m2=Nathan Wood is associated with(✓) | type=conflict_arbitrated | clusters=3 | cpr_src=0.50
  [32] naive=Cut Copy(✓) | m2=The artist of the album "Free (✓) | type=conflict_arbitrated | clusters=4 | cpr_src=0.33
  [33] naive=Thimphu, Bhutan(✓) | m2=Thimphu, Bhutan(✓) | type=consensus | clusters=3 | cpr_src=1.00
  [34] naive=Baroque(✓) | m2=The style of the San Vicente F(✓) | type=conflict_arbitrated | clusters=3 | cpr_src=0.67
  [35] naive=Boys Like Girls(✓) | m2=Boys Like Girls(✓) | type=consensus | clusters=3 | cpr_src=1.00
  [36] naive=Odakyu Electric Railway(✓) | m2=The 20000 series is operated b(✓) | type=conflict_arbitrated | clusters=3 | cpr_src=0.50
  [37] naive=November 25, 1865(✓) | m2=November 25, 1865(✓) | type=consensus | clusters=3 | cpr_src=1.00
  [38] naive=November 1, 2007(✓) | m2=November 1, 2007(✓) | type=consensus | clusters=3 | cpr_src=1.00
  [39] naive=1912(✓) | m2=Altrincham Grammar School was (✓) | type=conflict_arbitrated | clusters=5 | cpr_src=0.50

--- Progress: 40/215 ---
  Naive ACC: 65.0%
  M2 ACC:    77.5% (Δ=+12.5pp)
  CPR-src:   62.3%
  Decisions: consensus=17, conflict=23, other=0

  [40] naive=Republican Party(✓) | m2=John Dailey is affiliated with(✓) | type=conflict_arbitrated | clusters=5 | cpr_src=0.67
  [41] naive=I don't know.(✗) | m2=unknown(✗) | type=no_evidence | clusters=1 | cpr_src=0.00
  [42] naive=Jade Valerie(✓) | m2=The artist associated with the(✓) | type=conflict_arbitrated | clusters=3 | cpr_src=0.50
  [43] naive=Yellow lantern banksia(✓) | m2=yellow lantern banksia(✓) | type=consensus | clusters=2 | cpr_src=1.00
  [44] naive=Rugby union(✓) | m2=The Munster Senior Cup is asso(✓) | type=conflict_arbitrated | clusters=4 | cpr_src=0.75
  [45] naive=American football(✓) | m2=Tim Martin is associated with (✓) | type=conflict_arbitrated | clusters=5 | cpr_src=0.67
  [46] naive=Cricket(✗) | m2=Cameron Murray is a footballer(✓) | type=conflict_arbitrated | clusters=4 | cpr_src=0.50
  [47] naive=Jeremy Camp(✓) | m2=The artist of the album "Beyon(✓) | type=conflict_arbitrated | clusters=5 | cpr_src=0.75
  [48] naive=3 September 1717(✓) | m2=The birth date of Richard Aldw(✗) | type=conflict_arbitrated | clusters=5 | cpr_src=0.50
  [49] naive=9,523(✓) | m2=The population of Sherbourne i(✗) | type=conflict_arbitrated | clusters=6 | cpr_src=0.80

--- Progress: 50/215 ---
  Naive ACC: 68.0%
  M2 ACC:    76.0% (Δ=+8.0pp)
  CPR-src:   62.1%
  Decisions: consensus=18, conflict=31, other=1

  [50] naive=1886(✗) | m2=The most specific and direct e(✗) | type=conflict_arbitrated | clusters=5 | cpr_src=0.25
  [51] naive=American football(✓) | m2=Scott Jackson is associated wi(✓) | type=conflict_arbitrated | clusters=7 | cpr_src=0.75
  [52] naive=Carl A. Gregory(✓) | m2=The architect of the Elks Club(✓) | type=conflict_arbitrated | clusters=4 | cpr_src=0.67
  [53] naive=I don't know.(✗) | m2=The population of Pinehurst, T(✓) | type=conflict_arbitrated | clusters=5 | cpr_src=0.67
  [54] naive=45.7 years(✓) | m2=The median age in Riceville is(✓) | type=conflict_arbitrated | clusters=4 | cpr_src=0.67
  [55] naive=Liberal Party(✓) | m2=Marcoux belongs to the Quebec (✓) | type=conflict_arbitrated | clusters=4 | cpr_src=0.67
  [56] naive=Stanford, Kentucky and Hamlin,(✓) | m2=Lincoln County High School is (✓) | type=conflict_arbitrated | clusters=4 | cpr_src=0.33
  [57] naive=Play(✓) | m2=The medium of "Green Pastures"(✓) | type=conflict_arbitrated | clusters=6 | cpr_src=1.00
  [58] naive=Rock Street Journal(✓) | m2=a magazine for rock music(✗) | type=consensus | clusters=5 | cpr_src=0.00
  [59] naive=John Hartford(✓) | m2=The artist of "The Love Album"(✓) | type=conflict_arbitrated | clusters=8 | cpr_src=0.67

--- Progress: 60/215 ---
  Naive ACC: 70.0%
  M2 ACC:    76.7% (Δ=+6.7pp)
  CPR-src:   61.2%
  Decisions: consensus=19, conflict=40, other=1

  [60] naive=3,171 people(✓) | m2=The population of Rush Townshi(✓) | type=conflict_arbitrated | clusters=3 | cpr_src=0.67
  [61] naive=July 15, 1875(✗) | m2=Judge Howe was born on July 15(✗) | type=conflict_arbitrated | clusters=3 | cpr_src=0.50
  [62] naive=1,234(✗) | m2=The population of Port Vincent(✗) | type=conflict_arbitrated | clusters=7 | cpr_src=0.75
  [63] naive=I don't know.(✗) | m2=John H. Williams is a poet.(✗) | type=conflict_arbitrated | clusters=2 | cpr_src=1.00
  [64] naive=Tennis(✓) | m2=Richard Leach is associated wi(✗) | type=conflict_arbitrated | clusters=5 | cpr_src=0.00
  [65] naive=Spanish Tropical(✓) | m2=The broadcast format of WCMA i(✓) | type=conflict_arbitrated | clusters=4 | cpr_src=0.67
  [66] naive=Beyoncé(✗) | m2=The artist of the album "Talk (✓) | type=conflict_arbitrated | clusters=5 | cpr_src=0.67
  [67] naive=Koltsevaya line and Zamoskvore(✓) | m2=Belorusskaya is a station on t(✓) | type=conflict_arbitrated | clusters=5 | cpr_src=0.75
  [68] naive=John Coltrane(✓) | m2=The artist of the album "Giant(✓) | type=conflict_arbitrated | clusters=5 | cpr_src=0.67
  [69] naive=I don't know.(✗) | m2=The artist of the album "Music(✓) | type=conflict_arbitrated | clusters=7 | cpr_src=1.00

--- Progress: 70/215 ---
  Naive ACC: 67.1%
  M2 ACC:    74.3% (Δ=+7.1pp)
  CPR-src:   62.0%
  Decisions: consensus=19, conflict=50, other=1

  [70] naive=April 12, 2011(✓) | m2=The release date of Every Moth(✓) | type=conflict_arbitrated | clusters=4 | cpr_src=1.00
  [71] naive=Wolfgang Amadeus Mozart (for S(✓) | m2=The composer of String Quintet(✓) | type=conflict_arbitrated | clusters=6 | cpr_src=0.75
  [72] naive=Basketball player(✓) | m2=Jeff Green is a podcast host a(✗) | type=conflict_arbitrated | clusters=4 | cpr_src=0.33
  [73] naive=About 100 square miles.(✗) | m2=unknown(✗) | type=no_evidence | clusters=5 | cpr_src=0.00
  [74] naive=Christa Mayer is a professiona(✗) | m2=C. Mayer is a German operatic (✓) | type=conflict_arbitrated | clusters=4 | cpr_src=0.67
  [75] naive=Timbaland(✓) | m2=The artist of the album "Shock(✓) | type=conflict_arbitrated | clusters=7 | cpr_src=0.80
  [76] naive=Jazz opera(✗) | m2=jazz opera(✗) | type=consensus | clusters=6 | cpr_src=0.00
  [77] naive=Caravaggio(✓) | m2=The artist of "David with the (✓) | type=conflict_arbitrated | clusters=8 | cpr_src=1.00
  [78] naive=Novel(✓) | m2=The medium of "The English Pat(✓) | type=conflict_arbitrated | clusters=4 | cpr_src=1.00
  [79] naive=1895(✗) | m2=The David Jones House was buil(✗) | type=conflict_arbitrated | clusters=5 | cpr_src=0.67

--- Progress: 80/215 ---
  Naive ACC: 66.2%
  M2 ACC:    72.5% (Δ=+6.2pp)
  CPR-src:   62.0%
  Decisions: consensus=20, conflict=58, other=2

  [80] naive=Miyavi(✓) | m2=The artist of the album "What'(✓) | type=conflict_arbitrated | clusters=7 | cpr_src=1.00
  [81] naive=Punjabi(✓) | m2=The language of the film Choor(✗) | type=conflict_arbitrated | clusters=4 | cpr_src=0.75
  [82] naive=1920(✗) | m2=1920(✗) | type=consensus | clusters=4 | cpr_src=0.00
  [83] naive=1875(✓) | m2=The Egg Rock Light was first e(✓) | type=conflict_arbitrated | clusters=4 | cpr_src=0.67
  [84] naive=1881–1882(✗) | m2=The Goodrich House was built b(✗) | type=conflict_arbitrated | clusters=4 | cpr_src=0.50
  [85] naive=Cross-country skiing(✓) | m2=Pekka Niemi is known for cross(✓) | type=conflict_arbitrated | clusters=8 | cpr_src=0.60
  [86] naive=Hajin: 37,935; Nor Hachn: 9,30(✓) | m2=The estimated population of Ha(✓) | type=conflict_arbitrated | clusters=3 | cpr_src=1.00
  [87] naive=Willis Irwin(✓) | m2=The architect of the Kidd Hous(✓) | type=conflict_arbitrated | clusters=6 | cpr_src=1.00
  [88] naive=9 October 1951(✓) | m2=Geoffrey Cook was born on 9 Fe(✓) | type=conflict_arbitrated | clusters=6 | cpr_src=0.75
  [89] naive=I don't know.(✗) | m2=radio series(✗) | type=consensus | clusters=7 | cpr_src=0.00

--- Progress: 90/215 ---
  Naive ACC: 66.7%
  M2 ACC:    71.1% (Δ=+4.4pp)
  CPR-src:   62.1%
  Decisions: consensus=22, conflict=66, other=2

  [90] naive=Quicksand(✓) | m2=The band associated with the a(✓) | type=conflict_arbitrated | clusters=5 | cpr_src=1.00
  [91] naive=I don't know.(✗) | m2=Greg Boyer's profession is a t(✓) | type=conflict_arbitrated | clusters=4 | cpr_src=0.75
  [92] naive=January 24, 1899(✓) | m2=Judge Ritter was born on Janua(✓) | type=conflict_arbitrated | clusters=2 | cpr_src=1.00
  [93] naive=August 1998(✓) | m2=South Hills High School was es(✓) | type=conflict_arbitrated | clusters=6 | cpr_src=0.75
  [94] naive=All-girls(✓) | m2=The student body of St. Michae(✓) | type=conflict_arbitrated | clusters=5 | cpr_src=0.33
  [95] naive=Lieutenant general(✓) | m2=General Schultz holds the rank(✓) | type=conflict_arbitrated | clusters=7 | cpr_src=0.80
  [96] naive=Football(✓) | m2=Altrincham is associated with (✗) | type=conflict_arbitrated | clusters=2 | cpr_src=0.50
  [97] naive=Forward(✗) | m2=Moussa Sylla plays as a winger(✓) | type=conflict_arbitrated | clusters=6 | cpr_src=0.60
  [98] naive=12 March 1920(✗) | m2=The Cross of Liberty was estab(✗) | type=conflict_arbitrated | clusters=2 | cpr_src=0.50
  [99] naive=January 1859(✓) | m2=January 1859(✓) | type=conflict_arbitrated | clusters=6 | cpr_src=0.75

--- Progress: 100/215 ---
  Naive ACC: 67.0%
  M2 ACC:    72.0% (Δ=+5.0pp)
  CPR-src:   62.8%
  Decisions: consensus=22, conflict=76, other=2

  [100] naive=The Killers(✓) | m2=The artist of the album "Direc(✓) | type=conflict_arbitrated | clusters=6 | cpr_src=0.83
  [101] naive=316 people(✗) | m2=The population of Casnovia is (✗) | type=conflict_arbitrated | clusters=5 | cpr_src=0.50
  [102] naive=Boys and girls (two separate s(✓) | m2=Wirral Grammar School is an al(✓) | type=conflict_arbitrated | clusters=8 | cpr_src=0.60
  [103] naive=Bob Evans(✓) | m2=The artist associated with the(✓) | type=conflict_arbitrated | clusters=4 | cpr_src=0.67
  [104] naive=Ten libraries(✗) | m2=The Luzerne County Library Sys(✗) | type=conflict_arbitrated | clusters=7 | cpr_src=0.00
  [105] naive=Havana, Cuba(✓) | m2=Justice Rodriguez was born in (✓) | type=conflict_arbitrated | clusters=3 | cpr_src=1.00
  [106] naive=Drama(✓) | m2=The genre of the film "Manic" (✓) | type=conflict_arbitrated | clusters=4 | cpr_src=0.67
  [107] naive=28 April 1882(✓) | m2=Edmund Brockman was born on 22(✓) | type=conflict_arbitrated | clusters=6 | cpr_src=0.75
  [108] naive=1996(✓) | m2=Ipi Morea started playing for (✓) | type=conflict_arbitrated | clusters=4 | cpr_src=1.00
  [109] naive=Late 1964(✓) | m2=Sunshine Records was establish(✗) | type=conflict_arbitrated | clusters=3 | cpr_src=0.50

--- Progress: 110/215 ---
  Naive ACC: 68.2%
  M2 ACC:    71.8% (Δ=+3.6pp)
  CPR-src:   63.1%
  Decisions: consensus=22, conflict=86, other=2

  [110] naive=Kenny Loggins(✓) | m2=Kenny Loggins(✓) | type=conflict_arbitrated | clusters=5 | cpr_src=0.75
  [111] naive=Rocky Mount, Virginia(✓) | m2=Franklin County High School is(✓) | type=conflict_arbitrated | clusters=5 | cpr_src=0.67
  [112] naive=838(✓) | m2=The population of Young Americ(✗) | type=conflict_arbitrated | clusters=5 | cpr_src=0.80
  [113] naive=Belleville, Illinois(✓) | m2=The News Democrat is published(✓) | type=conflict_arbitrated | clusters=3 | cpr_src=1.00
  [114] naive=I don't know.(✗) | m2=Richard Sheppard was an Anglic(✓) | type=conflict_arbitrated | clusters=6 | cpr_src=0.75
  [115] naive=Rugby(✓) | m2=Scott Murray is associated wit(✓) | type=conflict_arbitrated | clusters=7 | cpr_src=0.67
  [116] naive=Chester Springs, Pennsylvania(✓) | m2=The Larkin Covered Bridge is l(✓) | type=conflict_arbitrated | clusters=3 | cpr_src=0.33
  [117] naive=28 September 2015(✓) | m2=The Danger Mouse TV series ori(✓) | type=conflict_arbitrated | clusters=7 | cpr_src=0.86
  [118] naive=Green to yellow-green(✗) | m2=The typical color of the inter(✗) | type=conflict_arbitrated | clusters=4 | cpr_src=0.50
  [119] naive=NASCAR(✗) | m2=Tim Steele is associated with (✗) | type=conflict_arbitrated | clusters=6 | cpr_src=0.40

--- Progress: 120/215 ---
  Naive ACC: 68.3%
  M2 ACC:    71.7% (Δ=+3.3pp)
  CPR-src:   63.4%
  Decisions: consensus=22, conflict=96, other=2

  [120] naive=Association football(✓) | m2=James Tilley plays football.(✓) | type=conflict_arbitrated | clusters=8 | cpr_src=0.86
  [121] naive="Wolf's stone"(✗) | m2=The name "Woolstone" means "Wo(✗) | type=conflict_arbitrated | clusters=3 | cpr_src=0.50
  [122] naive=Judge(✓) | m2=Andrew McFarlane is a judge.(✓) | type=conflict_arbitrated | clusters=7 | cpr_src=0.80
  [123] naive=5,000(✗) | m2=The most reliable population f(✗) | type=conflict_arbitrated | clusters=6 | cpr_src=0.25
  [124] naive=Romantic comedy(✗) | m2=The genre of the film "Inner S(✗) | type=conflict_arbitrated | clusters=5 | cpr_src=0.50
  [125] naive=20 April 1910(✓) | m2=Araki Station was opened on Ap(✗) | type=conflict_arbitrated | clusters=6 | cpr_src=1.00
  [126] naive=Marc Forster(✓) | m2=The director of the film "Stra(✓) | type=conflict_arbitrated | clusters=4 | cpr_src=0.75
  [127] naive=23 December 1801(✗) | m2=5 February 1768(✓) | type=conflict_arbitrated | clusters=10 | cpr_src=0.75
  [128] naive=Liangdao(✓) | m2=The courtesy name of Marquis S(✓) | type=conflict_arbitrated | clusters=8 | cpr_src=0.60
  [129] naive=Ferdinand Fairfax(✓) | m2=The creator of "The Wilderness(✓) | type=conflict_arbitrated | clusters=8 | cpr_src=0.80

--- Progress: 130/215 ---
  Naive ACC: 67.7%
  M2 ACC:    70.8% (Δ=+3.1pp)
  CPR-src:   63.8%
  Decisions: consensus=22, conflict=106, other=2

  [130] naive=Wolfgang Amadeus Mozart(✓) | m2=The composer of Symphony No. 3(✓) | type=conflict_arbitrated | clusters=9 | cpr_src=0.80
  [131] naive=Vocal cord dysfunction(✓) | m2=VCD refers to "vocal cord dysf(✓) | type=conflict_arbitrated | clusters=7 | cpr_src=0.75
  [132] naive=1975(✗) | m2=1911(✓) | type=conflict_arbitrated | clusters=7 | cpr_src=0.33
  [133] naive=Baseball(✓) | m2=Keith Butler is associated wit(✓) | type=conflict_arbitrated | clusters=5 | cpr_src=1.00
  [134] naive=1930(✗) | m2=1 August 1920(✓) | type=conflict_arbitrated | clusters=6 | cpr_src=0.67
  [135] naive=Gymnastics and diving(✗) | m2=The sport associated with a "P(✗) | type=conflict_arbitrated | clusters=4 | cpr_src=0.67
  [136] naive=I don't know.(✗) | m2=Justice Cole was born on Janua(✗) | type=conflict_arbitrated | clusters=3 | cpr_src=0.50
  [137] naive=1750(✗) | m2=The Church of Our Lady of the (✓) | type=conflict_arbitrated | clusters=5 | cpr_src=0.60
  [138] naive=16 November 1997(✓) | m2=Wang Peng was born on 16 Novem(✓) | type=conflict_arbitrated | clusters=10 | cpr_src=0.89
  [139] naive=Symphony X(✓) | m2=The creator of the "Iconoclast(✓) | type=conflict_arbitrated | clusters=4 | cpr_src=0.67

--- Progress: 140/215 ---
  Naive ACC: 66.4%
  M2 ACC:    71.4% (Δ=+5.0pp)
  CPR-src:   64.1%
  Decisions: consensus=22, conflict=116, other=2

  [140] naive=1928(✓) | m2=The Security Building was cons(✓) | type=conflict_arbitrated | clusters=8 | cpr_src=0.50
  [141] naive=Joni Mitchell(✓) | m2=The artist of the album "Both (✓) | type=conflict_arbitrated | clusters=8 | cpr_src=1.00
Resumed from checkpoint: 142 completed
=== Module 2 (V4) Source-Isolated Arbitration ===
Dataset: dataset_clean.jsonl (215 samples)
Output: D:\pythonProject\module2\results\results_v4_dataset_clean.jsonl

  [142] naive=I don't know.(✗) | m2=The population of Washington T(✗) | type=conflict_arbitrated | clusters=6 | cpr_src=0.60
  [143] naive=I don't know.(✗) | m2=The Boston and Maine Railroad (✓) | type=conflict_arbitrated | clusters=5 | cpr_src=0.75
  [144] naive=Boxing(✓) | m2=Paddy Ryan is associated with (✓) | type=conflict_arbitrated | clusters=6 | cpr_src=1.00
  [145] naive=October 12, 1666(✓) | m2=Bartholomew Green was born on (✗) | type=conflict_arbitrated | clusters=4 | cpr_src=0.67
  [146] naive=1862(✓) | m2=The founding year of Christ Lu(✓) | type=conflict_arbitrated | clusters=7 | cpr_src=0.80
  [147] naive=The Fatback Band(✗) | m2=The artist of the album "Golde(✓) | type=conflict_arbitrated | clusters=9 | cpr_src=0.80
  [148] naive=324 (as of 2010)(✗) | m2=The population of Keyes is 273(✗) | type=conflict_arbitrated | clusters=5 | cpr_src=0.50
  [149] naive=Fascism(✗) | m2=The primary political ideology(✓) | type=conflict_arbitrated | clusters=9 | cpr_src=1.00

--- Progress: 150/215 ---
  Naive ACC: 65.3%
  M2 ACC:    71.3% (Δ=+6.0pp)
  CPR-src:   64.9%
  Decisions: consensus=22, conflict=126, other=2

  [150] naive=I don't know.(✗) | m2=Thomas Belasyse was born in 15(✓) | type=conflict_arbitrated | clusters=9 | cpr_src=1.00
  [151] naive=1,637(✗) | m2=The most reliable population f(✗) | type=conflict_arbitrated | clusters=7 | cpr_src=0.67
  [152] naive=Joey Baron(✓) | m2=The artist of the album "Down (✓) | type=conflict_arbitrated | clusters=8 | cpr_src=1.00
  [153] naive=5,000(✗) | m2=The population of Hughesville (✗) | type=conflict_arbitrated | clusters=6 | cpr_src=0.50
  [154] naive=Frank Sinatra(✗) | m2=The artist of the album "Revis(✓) | type=conflict_arbitrated | clusters=9 | cpr_src=0.75
  [155] naive=Eleanor Burden(✓) | m2=The main character in "The Los(✓) | type=conflict_arbitrated | clusters=12 | cpr_src=0.78
  [156] naive=Cheras, Selangor, Malaysia(✓) | m2=Mahkota is located in Cheras, (✓) | type=conflict_arbitrated | clusters=5 | cpr_src=0.75
  [157] naive=17 October 1970(✓) | m2=The most credible birthdate fo(✓) | type=conflict_arbitrated | clusters=7 | cpr_src=0.83
  [158] naive=1884–1886(✓) | m2=The Attorney General Lawrence (✓) | type=conflict_arbitrated | clusters=10 | cpr_src=0.67
  [159] naive=11,947(✓) | m2=The most recent and specific p(✗) | type=conflict_arbitrated | clusters=5 | cpr_src=0.50

--- Progress: 160/215 ---
  Naive ACC: 65.0%
  M2 ACC:    71.2% (Δ=+6.2pp)
  CPR-src:   65.5%
  Decisions: consensus=22, conflict=136, other=2

  [160] naive=Satirical drama(✓) | m2=The genre of the production fe(✓) | type=conflict_arbitrated | clusters=3 | cpr_src=0.50
  [161] naive=October 9, 2010(✓) | m2=Akarin debuted on January 15, (✗) | type=conflict_arbitrated | clusters=3 | cpr_src=0.67
  [162] naive=Clotaire I(✓) | m2=Chilperic's father was Clotair(✓) | type=conflict_arbitrated | clusters=9 | cpr_src=0.67
  [163] naive=Saphenofemoral junction(✓) | m2=The abbreviation SFJ most comm(✓) | type=conflict_arbitrated | clusters=8 | cpr_src=0.33
  [164] naive=1890s(✓) | m2=The correct answer is "1893," (✓) | type=conflict_arbitrated | clusters=7 | cpr_src=0.80
  [165] naive=I don't know.(✗) | m2=The main character in the film(✗) | type=conflict_arbitrated | clusters=8 | cpr_src=0.60
  [166] naive=I don't know.(✗) | m2=302 Squadron was formed in 194(✗) | type=conflict_arbitrated | clusters=6 | cpr_src=1.00
  [167] naive=1912(✓) | m2=The Douglas County Courthouse (✓) | type=conflict_arbitrated | clusters=7 | cpr_src=0.83
  [168] naive=I don't know.(✗) | m2=Michael Myers is associated wi(✓) | type=conflict_arbitrated | clusters=7 | cpr_src=0.75
  [169] naive=Viu(✓) | m2=The historical name of Biu is (✗) | type=conflict_arbitrated | clusters=9 | cpr_src=1.00

--- Progress: 170/215 ---
  Naive ACC: 65.3%
  M2 ACC:    70.6% (Δ=+5.3pp)
  CPR-src:   65.9%
  Decisions: consensus=22, conflict=146, other=2

  [170] naive=220(✓) | m2=The population of Tyro is 3,87(✓) | type=conflict_arbitrated | clusters=7 | cpr_src=0.75
  [171] naive=Physicist(✓) | m2=Henry Moseley was a "demonstra(✗) | type=conflict_arbitrated | clusters=6 | cpr_src=0.33
  [172] naive=1953(✓) | m2=Judge Sparks was born in 1953.(✓) | type=conflict_arbitrated | clusters=8 | cpr_src=0.83
  [173] naive=Basketball(✗) | m2=Tyler Moore is associated with(✓) | type=conflict_arbitrated | clusters=7 | cpr_src=0.50
  [174] naive=2,115(✗) | m2=The most recent and specific p(✗) | type=conflict_arbitrated | clusters=7 | cpr_src=0.75
  [175] naive=Tchaikovsky, Leontovych, Rachm(✗) | m2=The musical setting for the Li(✓) | type=conflict_arbitrated | clusters=5 | cpr_src=1.00
  [176] naive=June 15, 1790(✗) | m2=Arthur Middleton died on June (✗) | type=conflict_arbitrated | clusters=3 | cpr_src=0.67
  [177] naive=1895(✗) | m2=The Criterion Theatre was buil(✓) | type=conflict_arbitrated | clusters=10 | cpr_src=0.71
  [178] naive=1786(✓) | m2=Marcus Dods was born on 11 Apr(✓) | type=conflict_arbitrated | clusters=6 | cpr_src=0.83
  [179] naive=1985(✓) | m2=October 1975(✓) | type=conflict_arbitrated | clusters=7 | cpr_src=0.80

--- Progress: 180/215 ---
  Naive ACC: 64.4%
  M2 ACC:    70.6% (Δ=+6.1pp)
  CPR-src:   66.2%
  Decisions: consensus=22, conflict=156, other=2

  [180] naive=Speed skating(✓) | m2=Lee Seung-hoon is associated w(✓) | type=conflict_arbitrated | clusters=6 | cpr_src=0.60
  [181] naive=September 15, 1909(✓) | m2=Carl Roth was born on Septembe(✓) | type=conflict_arbitrated | clusters=4 | cpr_src=1.00
  [182] naive=Action-adventure(✓) | m2=The genre of "Foul Play" is "b(✓) | type=conflict_arbitrated | clusters=7 | cpr_src=0.75
  [183] naive=UK Labour Party(✓) | m2=John Harman was affiliated wit(✓) | type=conflict_arbitrated | clusters=6 | cpr_src=0.83
  [184] naive=Lucca and Pisa(✓) | m2=Deodato was primarily active i(✗) | type=conflict_arbitrated | clusters=8 | cpr_src=0.60
  [185] naive=7 March 1892(✓) | m2=Bert Smith was born on 7 March(✓) | type=conflict_arbitrated | clusters=5 | cpr_src=1.00
  [186] naive=1810-11(✓) | m2=The Simeon Smith House was bui(✓) | type=conflict_arbitrated | clusters=7 | cpr_src=1.00
  [187] naive=1980(✓) | m2=The Museum for the Macedonian (✗) | type=conflict_arbitrated | clusters=11 | cpr_src=0.67
  [188] naive=John II Orsini(✓) | m2=Anna Palaiologina was married (✓) | type=conflict_arbitrated | clusters=7 | cpr_src=0.80
  [189] naive=Around 1797(✓) | m2=The Gibraltar Barracks were es(✓) | type=conflict_arbitrated | clusters=9 | cpr_src=1.00

--- Progress: 190/215 ---
  Naive ACC: 66.3%
  M2 ACC:    71.1% (Δ=+4.7pp)
  CPR-src:   67.1%
  Decisions: consensus=22, conflict=166, other=2

  [190] naive=5,000 people(✗) | m2=The population of Boston Towns(✓) | type=conflict_arbitrated | clusters=7 | cpr_src=0.40
  [191] naive=1852(✓) | m2=March 25, 1882(✓) | type=conflict_arbitrated | clusters=6 | cpr_src=0.83
  [192] naive=18 December 1868(✓) | m2=The most credible position is (✓) | type=conflict_arbitrated | clusters=9 | cpr_src=0.88
  [193] naive=Verona, New Jersey(✓) | m2=Verona High School is located (✗) | type=conflict_arbitrated | clusters=5 | cpr_src=0.50
  [194] naive=200 laps(✓) | m2=The length of the New England (✓) | type=conflict_arbitrated | clusters=5 | cpr_src=0.50
  [195] naive=I don't know.(✗) | m2=George Horner died on 11 March(✓) | type=conflict_arbitrated | clusters=6 | cpr_src=0.80
  [196] naive=I don't know.(✗) | m2=The Small Astronomy Satellite (✓) | type=conflict_arbitrated | clusters=5 | cpr_src=1.00
  [197] naive=Fencer(✓) | m2=Peter Jacobs is a chef.(✗) | type=conflict_arbitrated | clusters=9 | cpr_src=0.50
  [198] naive=15 July 1922(✗) | m2=Princess Xenia was born on 22 (✓) | type=conflict_arbitrated | clusters=5 | cpr_src=0.80
  [199] naive=NAMC YS-11A-217(✓) | m2=The aircraft involved in Fligh(✓) | type=conflict_arbitrated | clusters=9 | cpr_src=0.80

--- Progress: 200/215 ---
  Naive ACC: 66.0%
  M2 ACC:    71.5% (Δ=+5.5pp)
  CPR-src:   67.2%
  Decisions: consensus=22, conflict=176, other=2

  [200] naive=7 October(✓) | m2=The feast day of Saint Marcell(✓) | type=conflict_arbitrated | clusters=10 | cpr_src=0.71
  [201] naive=Barrie, Ontario, Canada(✓) | m2=Unity Christian High School is(✓) | type=conflict_arbitrated | clusters=5 | cpr_src=0.75
  [202] naive=I don't know.(✗) | m2=28 April 1948(✓) | type=consensus | clusters=5 | cpr_src=1.00
  [203] naive=1912-1914(✓) | m2=The Sumter County Courthouse w(✓) | type=conflict_arbitrated | clusters=7 | cpr_src=1.00
  [204] naive=1880(✓) | m2=The Howard County Courthouse w(✓) | type=conflict_arbitrated | clusters=8 | cpr_src=0.67
  [205] naive=13 August 1896(✓) | m2=Walter Price was born on 13 Au(✓) | type=conflict_arbitrated | clusters=7 | cpr_src=0.67
  [206] naive=Zoltán Korda (1951), Darrell R(✓) | m2=The film adaptation of "Cry, t(✓) | type=conflict_arbitrated | clusters=9 | cpr_src=0.83
  [207] naive=Romantic drama(✗) | m2=The genre of the film "Bright (✓) | type=conflict_arbitrated | clusters=4 | cpr_src=0.75
  [208] naive=Baz Luhrmann(✓) | m2=The artist of the album "Somet(✓) | type=conflict_arbitrated | clusters=7 | cpr_src=1.00
  [209] naive=25,038(✓) | m2=The estimated total population(✓) | type=conflict_arbitrated | clusters=5 | cpr_src=0.80

--- Progress: 210/215 ---
  Naive ACC: 66.7%
  M2 ACC:    72.9% (Δ=+6.2pp)
  CPR-src:   67.9%
  Decisions: consensus=23, conflict=185, other=2

  [210] naive=George Wallace(✓) | m2=The main actor in the film "Le(✓) | type=conflict_arbitrated | clusters=6 | cpr_src=0.75
  [211] naive=291 contributing buildings(✗) | m2=150 buildings(✗) | type=conflict_arbitrated | clusters=4 | cpr_src=0.00
  [212] naive=Guatemala(✓) | m2=Guatemala(✓) | type=conflict_arbitrated | clusters=10 | cpr_src=0.80
  [213] naive=1868(✗) | m2=The Elks organization was foun(✗) | type=conflict_arbitrated | clusters=7 | cpr_src=0.60
  [214] naive=14 August 1850(✓) | m2=Admiral King-Hall was born on (✓) | type=conflict_arbitrated | clusters=9 | cpr_src=0.86

--- Progress: 215/215 ---
  Naive ACC: 66.5%
  M2 ACC:    72.6% (Δ=+6.0pp)
  CPR-src:   67.7%
  Decisions: consensus=23, conflict=190, other=2


============================================================
FINAL RESULTS — v4 on dataset_clean (N=215)
============================================================
  Naive ACC:     66.5%
  Module 2 ACC:  72.6% (Δ=+6.0pp)
  CPR-source:    67.7%
  Avg API calls: 8.3
============================================================
